TN:
SF:server.js
FN:44,(anonymous_0)
FN:57,(anonymous_1)
FN:61,(anonymous_2)
FN:85,(anonymous_3)
FN:120,(anonymous_4)
FN:129,(anonymous_5)
FN:158,(anonymous_6)
FN:167,(anonymous_7)
FN:190,startServer
FN:210,(anonymous_9)
FN:219,(anonymous_10)
FN:222,(anonymous_11)
FN:241,(anonymous_12)
FN:242,(anonymous_13)
FNF:14
FNH:0
FNDA:0,(anonymous_0)
FNDA:0,(anonymous_1)
FNDA:0,(anonymous_2)
FNDA:0,(anonymous_3)
FNDA:0,(anonymous_4)
FNDA:0,(anonymous_5)
FNDA:0,(anonymous_6)
FNDA:0,(anonymous_7)
FNDA:0,startServer
FNDA:0,(anonymous_9)
FNDA:0,(anonymous_10)
FNDA:0,(anonymous_11)
FNDA:0,(anonymous_12)
FNDA:0,(anonymous_13)
DA:13,0
DA:14,0
DA:15,0
DA:16,0
DA:17,0
DA:18,0
DA:21,0
DA:22,0
DA:23,0
DA:26,0
DA:27,0
DA:29,0
DA:34,0
DA:41,0
DA:44,0
DA:45,0
DA:46,0
DA:48,0
DA:57,0
DA:61,0
DA:62,0
DA:66,0
DA:73,0
DA:74,0
DA:77,0
DA:85,0
DA:86,0
DA:91,0
DA:97,0
DA:104,0
DA:105,0
DA:108,0
DA:109,0
DA:112,0
DA:113,0
DA:120,0
DA:121,0
DA:129,0
DA:130,0
DA:131,0
DA:132,0
DA:134,0
DA:144,0
DA:145,0
DA:158,0
DA:159,0
DA:167,0
DA:168,0
DA:171,0
DA:173,0
DA:185,0
DA:191,0
DA:192,0
DA:195,0
DA:196,0
DA:199,0
DA:200,0
DA:203,0
DA:206,0
DA:207,0
DA:210,0
DA:211,0
DA:219,0
DA:220,0
DA:222,0
DA:223,0
DA:226,0
DA:227,0
DA:228,0
DA:230,0
DA:231,0
DA:233,0
DA:234,0
DA:236,0
DA:237,0
DA:241,0
DA:242,0
DA:245,0
DA:246,0
DA:251,0
DA:252,0
DA:255,0
LF:82
LH:0
BRDA:45,0,0,0
BRDA:45,0,1,0
BRDA:173,1,0,0
BRDA:173,1,1,0
BRDA:174,2,0,0
BRDA:174,2,1,0
BRDA:175,3,0,0
BRDA:175,3,1,0
BRDA:177,4,0,0
BRDA:177,4,1,0
BRDA:185,5,0,0
BRDA:185,5,1,0
BRDA:213,6,0,0
BRDA:213,6,1,0
BRDA:251,7,0,0
BRDA:251,7,1,0
BRF:16
BRH:0
end_of_record
TN:
SF:modules/database/migrations.js
FN:13,(anonymous_0)
FN:24,(anonymous_1)
FN:33,(anonymous_2)
FN:68,(anonymous_3)
FN:83,(anonymous_4)
FN:99,(anonymous_5)
FN:102,(anonymous_6)
FN:114,(anonymous_7)
FN:123,(anonymous_8)
FN:150,(anonymous_9)
FN:158,(anonymous_10)
FN:162,(anonymous_11)
FN:185,(anonymous_12)
FN:193,(anonymous_13)
FN:208,(anonymous_14)
FN:216,(anonymous_15)
FN:234,(anonymous_16)
FN:242,(anonymous_17)
FN:266,(anonymous_18)
FN:274,(anonymous_19)
FN:291,(anonymous_20)
FN:299,(anonymous_21)
FN:317,(anonymous_22)
FN:325,(anonymous_23)
FN:345,(anonymous_24)
FN:353,(anonymous_25)
FN:368,(anonymous_26)
FN:378,(anonymous_27)
FN:386,(anonymous_28)
FN:395,(anonymous_29)
FN:403,(anonymous_30)
FN:407,(anonymous_31)
FN:428,(anonymous_32)
FN:456,(anonymous_33)
FNF:34
FNH:0
FNDA:0,(anonymous_0)
FNDA:0,(anonymous_1)
FNDA:0,(anonymous_2)
FNDA:0,(anonymous_3)
FNDA:0,(anonymous_4)
FNDA:0,(anonymous_5)
FNDA:0,(anonymous_6)
FNDA:0,(anonymous_7)
FNDA:0,(anonymous_8)
FNDA:0,(anonymous_9)
FNDA:0,(anonymous_10)
FNDA:0,(anonymous_11)
FNDA:0,(anonymous_12)
FNDA:0,(anonymous_13)
FNDA:0,(anonymous_14)
FNDA:0,(anonymous_15)
FNDA:0,(anonymous_16)
FNDA:0,(anonymous_17)
FNDA:0,(anonymous_18)
FNDA:0,(anonymous_19)
FNDA:0,(anonymous_20)
FNDA:0,(anonymous_21)
FNDA:0,(anonymous_22)
FNDA:0,(anonymous_23)
FNDA:0,(anonymous_24)
FNDA:0,(anonymous_25)
FNDA:0,(anonymous_26)
FNDA:0,(anonymous_27)
FNDA:0,(anonymous_28)
FNDA:0,(anonymous_29)
FNDA:0,(anonymous_30)
FNDA:0,(anonymous_31)
FNDA:0,(anonymous_32)
FNDA:0,(anonymous_33)
DA:6,0
DA:7,0
DA:14,0
DA:15,0
DA:25,0
DA:26,0
DA:34,0
DA:36,0
DA:38,0
DA:39,0
DA:40,0
DA:44,0
DA:47,0
DA:48,0
DA:49,0
DA:50,0
DA:51,0
DA:52,0
DA:53,0
DA:57,0
DA:59,0
DA:60,0
DA:69,0
DA:70,0
DA:73,0
DA:75,0
DA:76,0
DA:84,0
DA:92,0
DA:93,0
DA:100,0
DA:101,0
DA:102,0
DA:103,0
DA:105,0
DA:106,0
DA:115,0
DA:116,0
DA:124,0
DA:125,0
DA:126,0
DA:127,0
DA:130,0
DA:131,0
DA:134,0
DA:135,0
DA:137,0
DA:138,0
DA:140,0
DA:141,0
DA:151,0
DA:152,0
DA:160,0
DA:163,0
DA:176,0
DA:179,0
DA:180,0
DA:186,0
DA:191,0
DA:194,0
DA:206,0
DA:209,0
DA:214,0
DA:217,0
DA:232,0
DA:235,0
DA:240,0
DA:243,0
DA:264,0
DA:267,0
DA:272,0
DA:275,0
DA:289,0
DA:292,0
DA:297,0
DA:300,0
DA:315,0
DA:318,0
DA:323,0
DA:326,0
DA:343,0
DA:346,0
DA:351,0
DA:354,0
DA:366,0
DA:369,0
DA:379,0
DA:387,0
DA:396,0
DA:397,0
DA:405,0
DA:408,0
DA:420,0
DA:421,0
DA:422,0
DA:424,0
DA:429,0
DA:441,0
DA:442,0
DA:443,0
DA:445,0
DA:457,0
DA:462,0
DA:463,0
DA:464,0
DA:466,0
LF:106
LH:0
BRDA:39,0,0,0
BRDA:39,0,1,0
BRDA:48,1,0,0
BRDA:48,1,1,0
BRDA:126,2,0,0
BRDA:126,2,1,0
BRF:6
BRH:0
end_of_record
TN:
SF:modules/database/sql.js
FN:37,(anonymous_0)
FN:46,(anonymous_1)
FN:72,(anonymous_2)
FN:87,(anonymous_3)
FN:116,(anonymous_4)
FN:142,(anonymous_5)
FN:154,(anonymous_6)
FN:169,(anonymous_7)
FN:184,(anonymous_8)
FN:211,(anonymous_9)
FN:221,(anonymous_10)
FN:223,(anonymous_11)
FN:224,(anonymous_12)
FN:236,(anonymous_13)
FN:243,(anonymous_14)
FN:262,(anonymous_15)
FN:263,(anonymous_16)
FN:264,(anonymous_17)
FN:278,(anonymous_18)
FN:279,(anonymous_19)
FNF:20
FNH:20
FNDA:62,(anonymous_0)
FNDA:2,(anonymous_1)
FNDA:4,(anonymous_2)
FNDA:8,(anonymous_3)
FNDA:7,(anonymous_4)
FNDA:3,(anonymous_5)
FNDA:2,(anonymous_6)
FNDA:3,(anonymous_7)
FNDA:4,(anonymous_8)
FNDA:62,(anonymous_9)
FNDA:8,(anonymous_10)
FNDA:16,(anonymous_11)
FNDA:16,(anonymous_12)
FNDA:12,(anonymous_13)
FNDA:7,(anonymous_14)
FNDA:6,(anonymous_15)
FNDA:6,(anonymous_16)
FNDA:7,(anonymous_17)
FNDA:6,(anonymous_18)
FNDA:6,(anonymous_19)
DA:6,1
DA:7,1
DA:12,1
DA:38,62
DA:39,62
DA:47,2
DA:48,2
DA:57,2
DA:58,1
DA:59,1
DA:60,1
DA:62,1
DA:63,1
DA:64,1
DA:73,4
DA:74,2
DA:75,2
DA:76,2
DA:88,8
DA:89,1
DA:92,7
DA:93,7
DA:94,7
DA:100,6
DA:101,6
DA:103,6
DA:105,1
DA:106,1
DA:117,7
DA:118,1
DA:121,6
DA:122,6
DA:123,6
DA:128,5
DA:129,5
DA:131,5
DA:133,1
DA:134,1
DA:143,3
DA:144,1
DA:146,2
DA:155,2
DA:156,2
DA:157,2
DA:159,1
DA:160,1
DA:170,3
DA:171,3
DA:172,3
DA:173,2
DA:175,1
DA:176,1
DA:185,4
DA:186,4
DA:187,4
DA:188,2
DA:190,2
DA:197,2
DA:212,62
DA:222,8
DA:223,16
DA:224,16
DA:226,8
DA:237,12
DA:239,12
DA:240,12
DA:242,12
DA:243,6
DA:244,7
DA:245,7
DA:247,6
DA:250,12
DA:252,12
DA:263,6
DA:264,7
DA:266,6
DA:267,6
DA:269,6
DA:279,6
DA:280,6
DA:282,6
DA:287,1
DA:288,1
DA:290,1
LF:84
LH:84
BRDA:13,0,0,1
BRDA:13,0,1,0
BRDA:14,1,0,1
BRDA:14,1,1,0
BRDA:15,2,0,1
BRDA:15,2,1,0
BRDA:16,3,0,1
BRDA:16,3,1,0
BRDA:17,4,0,1
BRDA:17,4,1,0
BRDA:25,5,0,0
BRDA:25,5,1,1
BRDA:73,6,0,2
BRDA:73,6,1,2
BRDA:87,7,0,6
BRDA:87,8,0,6
BRDA:88,9,0,1
BRDA:88,9,1,7
BRDA:116,10,0,3
BRDA:117,11,0,1
BRDA:117,11,1,6
BRDA:143,12,0,1
BRDA:143,12,1,2
BRDA:236,13,0,3
BRDA:236,14,0,7
BRDA:237,15,0,9
BRDA:237,16,0,10
BRDA:237,17,0,10
BRDA:237,18,0,10
BRDA:242,19,0,6
BRDA:242,19,1,6
BRF:31
BRH:25
end_of_record
TN:
SF:modules/services/main-service.js
FN:14,(anonymous_0)
FN:30,(anonymous_1)
FN:57,(anonymous_2)
FN:58,(anonymous_3)
FN:67,(anonymous_4)
FN:97,(anonymous_5)
FN:164,(anonymous_6)
FN:190,(anonymous_7)
FN:191,(anonymous_8)
FN:196,(anonymous_9)
FN:221,(anonymous_10)
FN:238,(anonymous_11)
FN:254,(anonymous_12)
FN:294,(anonymous_13)
FN:319,(anonymous_14)
FN:340,(anonymous_15)
FN:361,(anonymous_16)
FN:373,(anonymous_17)
FN:382,(anonymous_18)
FN:405,(anonymous_19)
FN:427,(anonymous_20)
FN:453,(anonymous_21)
FNF:22
FNH:0
FNDA:0,(anonymous_0)
FNDA:0,(anonymous_1)
FNDA:0,(anonymous_2)
FNDA:0,(anonymous_3)
FNDA:0,(anonymous_4)
FNDA:0,(anonymous_5)
FNDA:0,(anonymous_6)
FNDA:0,(anonymous_7)
FNDA:0,(anonymous_8)
FNDA:0,(anonymous_9)
FNDA:0,(anonymous_10)
FNDA:0,(anonymous_11)
FNDA:0,(anonymous_12)
FNDA:0,(anonymous_13)
FNDA:0,(anonymous_14)
FNDA:0,(anonymous_15)
FNDA:0,(anonymous_16)
FNDA:0,(anonymous_17)
FNDA:0,(anonymous_18)
FNDA:0,(anonymous_19)
FNDA:0,(anonymous_20)
FNDA:0,(anonymous_21)
DA:6,0
DA:7,0
DA:8,0
DA:15,0
DA:16,0
DA:17,0
DA:18,0
DA:31,0
DA:32,0
DA:35,0
DA:38,0
DA:44,0
DA:46,0
DA:47,0
DA:49,0
DA:50,0
DA:58,0
DA:59,0
DA:68,0
DA:69,0
DA:71,0
DA:72,0
DA:83,0
DA:84,0
DA:86,0
DA:98,0
DA:100,0
DA:101,0
DA:104,0
DA:105,0
DA:108,0
DA:109,0
DA:110,0
DA:113,0
DA:114,0
DA:115,0
DA:116,0
DA:117,0
DA:124,0
DA:127,0
DA:129,0
DA:131,0
DA:132,0
DA:134,0
DA:142,0
DA:148,0
DA:149,0
DA:150,0
DA:165,0
DA:167,0
DA:168,0
DA:172,0
DA:175,0
DA:176,0
DA:191,0
DA:192,0
DA:193,0
DA:196,0
DA:197,0
DA:212,0
DA:213,0
DA:217,0
DA:221,0
DA:222,0
DA:223,0
DA:241,0
DA:255,0
DA:256,0
DA:257,0
DA:260,0
DA:261,0
DA:264,0
DA:265,0
DA:266,0
DA:269,0
DA:277,0
DA:278,0
DA:281,0
DA:283,0
DA:284,0
DA:295,0
DA:296,0
DA:297,0
DA:298,0
DA:301,0
DA:304,0
DA:305,0
DA:308,0
DA:310,0
DA:311,0
DA:320,0
DA:341,0
DA:342,0
DA:343,0
DA:344,0
DA:345,0
DA:347,0
DA:348,0
DA:351,0
DA:362,0
DA:364,0
DA:365,0
DA:374,0
DA:383,0
DA:384,0
DA:386,0
DA:387,0
DA:391,0
DA:393,0
DA:394,0
DA:396,0
DA:397,0
DA:406,0
DA:407,0
DA:414,0
DA:415,0
DA:428,0
DA:429,0
DA:432,0
DA:435,0
DA:438,0
DA:439,0
DA:442,0
DA:443,0
DA:445,0
DA:446,0
DA:454,0
DA:455,0
DA:458,0
DA:461,0
DA:464,0
DA:465,0
DA:469,0
DA:471,0
DA:473,0
DA:479,0
DA:481,0
LF:137
LH:0
BRDA:69,0,0,0
BRDA:69,0,1,0
BRDA:69,1,0,0
BRDA:69,1,1,0
BRDA:75,2,0,0
BRDA:75,2,1,0
BRDA:76,3,0,0
BRDA:76,3,1,0
BRDA:77,4,0,0
BRDA:77,4,1,0
BRDA:78,5,0,0
BRDA:78,5,1,0
BRDA:79,6,0,0
BRDA:79,6,1,0
BRDA:97,7,0,0
BRDA:97,8,0,0
BRDA:100,9,0,0
BRDA:100,9,1,0
BRDA:104,10,0,0
BRDA:104,10,1,0
BRDA:114,11,0,0
BRDA:114,11,1,0
BRDA:114,12,0,0
BRDA:114,12,1,0
BRDA:129,13,0,0
BRDA:129,13,1,0
BRDA:144,14,0,0
BRDA:144,14,1,0
BRDA:164,15,0,0
BRDA:167,16,0,0
BRDA:167,16,1,0
BRDA:167,17,0,0
BRDA:167,17,1,0
BRDA:190,18,0,0
BRDA:192,19,0,0
BRDA:192,19,1,0
BRDA:202,20,0,0
BRDA:202,20,1,0
BRDA:203,21,0,0
BRDA:203,21,1,0
BRDA:204,22,0,0
BRDA:204,22,1,0
BRDA:205,23,0,0
BRDA:205,23,1,0
BRDA:206,24,0,0
BRDA:206,24,1,0
BRDA:212,25,0,0
BRDA:212,25,1,0
BRDA:238,26,0,0
BRDA:254,27,0,0
BRDA:256,28,0,0
BRDA:256,28,1,0
BRDA:260,29,0,0
BRDA:260,29,1,0
BRDA:277,30,0,0
BRDA:277,30,1,0
BRDA:277,31,0,0
BRDA:277,31,1,0
BRDA:294,32,0,0
BRDA:304,33,0,0
BRDA:304,33,1,0
BRDA:304,34,0,0
BRDA:304,34,1,0
BRDA:331,35,0,0
BRDA:331,35,1,0
BRDA:340,36,0,0
BRDA:342,37,0,0
BRDA:342,37,1,0
BRDA:361,38,0,0
BRDA:362,39,0,0
BRDA:362,39,1,0
BRDA:362,40,0,0
BRDA:362,40,1,0
BRDA:386,41,0,0
BRDA:386,41,1,0
BRDA:406,42,0,0
BRDA:406,42,1,0
BRDA:419,43,0,0
BRDA:419,43,1,0
BRDA:438,44,0,0
BRDA:438,44,1,0
BRDA:464,45,0,0
BRDA:464,45,1,0
BRF:83
BRH:0
end_of_record
TN:
SF:modules/utils/helpers.js
FN:12,(anonymous_0)
FN:27,(anonymous_1)
FN:38,(anonymous_2)
FN:54,(anonymous_3)
FN:65,(anonymous_4)
FN:76,(anonymous_5)
FN:87,(anonymous_6)
FN:104,(anonymous_7)
FN:120,(anonymous_8)
FN:139,(anonymous_9)
FN:149,(anonymous_10)
FN:162,(anonymous_11)
FN:179,(anonymous_12)
FN:196,(anonymous_13)
FN:207,(anonymous_14)
FN:219,(anonymous_15)
FN:230,(anonymous_16)
FN:246,(anonymous_17)
FN:256,(anonymous_18)
FN:265,(anonymous_19)
FN:280,(anonymous_20)
FN:304,(anonymous_21)
FN:308,(anonymous_22)
FN:312,(anonymous_23)
FNF:24
FNH:1
FNDA:1,(anonymous_0)
FNDA:0,(anonymous_1)
FNDA:0,(anonymous_2)
FNDA:0,(anonymous_3)
FNDA:0,(anonymous_4)
FNDA:0,(anonymous_5)
FNDA:0,(anonymous_6)
FNDA:0,(anonymous_7)
FNDA:0,(anonymous_8)
FNDA:0,(anonymous_9)
FNDA:0,(anonymous_10)
FNDA:0,(anonymous_11)
FNDA:0,(anonymous_12)
FNDA:0,(anonymous_13)
FNDA:0,(anonymous_14)
FNDA:0,(anonymous_15)
FNDA:0,(anonymous_16)
FNDA:0,(anonymous_17)
FNDA:0,(anonymous_18)
FNDA:0,(anonymous_19)
FNDA:0,(anonymous_20)
FNDA:0,(anonymous_21)
FNDA:0,(anonymous_22)
FNDA:0,(anonymous_23)
DA:6,1
DA:13,1
DA:14,1
DA:28,0
DA:39,0
DA:40,0
DA:46,0
DA:55,0
DA:56,0
DA:66,0
DA:67,0
DA:77,0
DA:78,0
DA:88,0
DA:89,0
DA:105,0
DA:107,0
DA:108,0
DA:109,0
DA:111,0
DA:121,0
DA:123,0
DA:124,0
DA:127,0
DA:128,0
DA:129,0
DA:131,0
DA:140,0
DA:141,0
DA:150,0
DA:153,0
DA:154,0
DA:163,0
DA:164,0
DA:180,0
DA:182,0
DA:197,0
DA:199,0
DA:208,0
DA:210,0
DA:211,0
DA:220,0
DA:222,0
DA:231,0
DA:233,0
DA:247,0
DA:257,0
DA:266,0
DA:281,0
DA:283,0
DA:284,0
DA:285,0
DA:286,0
DA:288,0
DA:289,0
DA:291,0
DA:292,0
DA:294,0
DA:295,0
DA:305,0
DA:307,0
DA:309,0
DA:310,0
DA:313,0
DA:314,0
DA:315,0
DA:318,0
DA:319,0
DA:320,0
DA:321,0
DA:328,1
DA:330,1
LF:72
LH:5
BRDA:13,0,0,1
BRDA:13,0,1,1
BRDA:44,1,0,0
BRDA:44,1,1,0
BRDA:55,2,0,0
BRDA:55,2,1,0
BRDA:66,3,0,0
BRDA:66,3,1,0
BRDA:77,4,0,0
BRDA:77,4,1,0
BRDA:88,5,0,0
BRDA:88,5,1,0
BRDA:104,6,0,0
BRDA:105,7,0,0
BRDA:105,8,0,0
BRDA:105,9,0,0
BRDA:107,10,0,0
BRDA:107,10,1,0
BRDA:108,11,0,0
BRDA:108,11,1,0
BRDA:108,12,0,0
BRDA:108,12,1,0
BRDA:109,13,0,0
BRDA:109,13,1,0
BRDA:109,14,0,0
BRDA:109,14,1,0
BRDA:120,15,0,0
BRDA:121,16,0,0
BRDA:121,17,0,0
BRDA:121,18,0,0
BRDA:123,19,0,0
BRDA:123,19,1,0
BRDA:127,20,0,0
BRDA:127,20,1,0
BRDA:127,21,0,0
BRDA:127,21,1,0
BRDA:128,22,0,0
BRDA:128,22,1,0
BRDA:128,23,0,0
BRDA:128,23,1,0
BRDA:129,24,0,0
BRDA:129,24,1,0
BRDA:129,25,0,0
BRDA:129,25,1,0
BRDA:141,26,0,0
BRDA:141,26,1,0
BRDA:150,27,0,0
BRDA:150,27,1,0
BRDA:164,28,0,0
BRDA:164,28,1,0
BRDA:179,29,0,0
BRDA:179,30,0,0
BRDA:180,31,0,0
BRDA:180,31,1,0
BRDA:196,32,0,0
BRDA:197,33,0,0
BRDA:197,33,1,0
BRDA:208,34,0,0
BRDA:208,34,1,0
BRDA:210,35,0,0
BRDA:210,35,1,0
BRDA:220,36,0,0
BRDA:220,36,1,0
BRDA:231,37,0,0
BRDA:231,37,1,0
BRDA:246,38,0,0
BRDA:256,39,0,0
BRDA:265,40,0,0
BRDA:280,41,0,0
BRDA:304,42,0,0
BRDA:313,43,0,0
BRDA:313,43,1,0
BRF:72
BRH:2
end_of_record
TN:
SF:modules/websocket/tradingview-websocket.js
FN:24,(anonymous_0)
FN:52,(anonymous_1)
FN:75,(anonymous_2)
FN:76,(anonymous_3)
FN:80,(anonymous_4)
FN:94,(anonymous_5)
FN:113,(anonymous_6)
FN:116,(anonymous_7)
FN:128,(anonymous_8)
FN:135,(anonymous_9)
FN:141,(anonymous_10)
FN:145,(anonymous_11)
FN:155,(anonymous_12)
FN:160,(anonymous_13)
FN:162,(anonymous_14)
FN:181,(anonymous_15)
FN:182,(anonymous_16)
FN:200,(anonymous_17)
FN:213,(anonymous_18)
FN:221,(anonymous_19)
FN:223,(anonymous_20)
FN:233,(anonymous_21)
FN:249,(anonymous_22)
FN:295,(anonymous_23)
FN:327,(anonymous_24)
FN:348,(anonymous_25)
FN:351,(anonymous_26)
FN:366,(anonymous_27)
FN:376,(anonymous_28)
FN:388,(anonymous_29)
FN:389,(anonymous_30)
FN:402,(anonymous_31)
FN:426,(anonymous_32)
FN:447,(anonymous_33)
FN:462,(anonymous_34)
FN:470,(anonymous_35)
FN:479,(anonymous_36)
FN:487,(anonymous_37)
FN:495,(anonymous_38)
FN:502,(anonymous_39)
FN:516,(anonymous_40)
FN:522,(anonymous_41)
FN:538,(anonymous_42)
FN:558,(anonymous_43)
FN:591,(anonymous_44)
FN:602,(anonymous_45)
FN:619,(anonymous_46)
FN:649,(anonymous_47)
FN:660,(anonymous_48)
FN:682,(anonymous_49)
FN:686,(anonymous_50)
FN:690,(anonymous_51)
FN:715,(anonymous_52)
FN:718,(anonymous_53)
FNF:54
FNH:0
FNDA:0,(anonymous_0)
FNDA:0,(anonymous_1)
FNDA:0,(anonymous_2)
FNDA:0,(anonymous_3)
FNDA:0,(anonymous_4)
FNDA:0,(anonymous_5)
FNDA:0,(anonymous_6)
FNDA:0,(anonymous_7)
FNDA:0,(anonymous_8)
FNDA:0,(anonymous_9)
FNDA:0,(anonymous_10)
FNDA:0,(anonymous_11)
FNDA:0,(anonymous_12)
FNDA:0,(anonymous_13)
FNDA:0,(anonymous_14)
FNDA:0,(anonymous_15)
FNDA:0,(anonymous_16)
FNDA:0,(anonymous_17)
FNDA:0,(anonymous_18)
FNDA:0,(anonymous_19)
FNDA:0,(anonymous_20)
FNDA:0,(anonymous_21)
FNDA:0,(anonymous_22)
FNDA:0,(anonymous_23)
FNDA:0,(anonymous_24)
FNDA:0,(anonymous_25)
FNDA:0,(anonymous_26)
FNDA:0,(anonymous_27)
FNDA:0,(anonymous_28)
FNDA:0,(anonymous_29)
FNDA:0,(anonymous_30)
FNDA:0,(anonymous_31)
FNDA:0,(anonymous_32)
FNDA:0,(anonymous_33)
FNDA:0,(anonymous_34)
FNDA:0,(anonymous_35)
FNDA:0,(anonymous_36)
FNDA:0,(anonymous_37)
FNDA:0,(anonymous_38)
FNDA:0,(anonymous_39)
FNDA:0,(anonymous_40)
FNDA:0,(anonymous_41)
FNDA:0,(anonymous_42)
FNDA:0,(anonymous_43)
FNDA:0,(anonymous_44)
FNDA:0,(anonymous_45)
FNDA:0,(anonymous_46)
FNDA:0,(anonymous_47)
FNDA:0,(anonymous_48)
FNDA:0,(anonymous_49)
FNDA:0,(anonymous_50)
FNDA:0,(anonymous_51)
FNDA:0,(anonymous_52)
FNDA:0,(anonymous_53)
DA:6,0
DA:7,0
DA:12,0
DA:25,0
DA:26,0
DA:27,0
DA:28,0
DA:30,0
DA:31,0
DA:32,0
DA:33,0
DA:34,0
DA:35,0
DA:36,0
DA:39,0
DA:53,0
DA:54,0
DA:56,0
DA:57,0
DA:59,0
DA:60,0
DA:63,0
DA:64,0
DA:66,0
DA:73,0
DA:75,0
DA:76,0
DA:77,0
DA:80,0
DA:81,0
DA:82,0
DA:83,0
DA:84,0
DA:86,0
DA:87,0
DA:91,0
DA:94,0
DA:95,0
DA:96,0
DA:97,0
DA:98,0
DA:103,0
DA:104,0
DA:105,0
DA:106,0
DA:114,0
DA:116,0
DA:117,0
DA:118,0
DA:119,0
DA:121,0
DA:122,0
DA:124,0
DA:128,0
DA:129,0
DA:130,0
DA:131,0
DA:132,0
DA:135,0
DA:136,0
DA:137,0
DA:138,0
DA:141,0
DA:142,0
DA:145,0
DA:146,0
DA:156,0
DA:157,0
DA:160,0
DA:162,0
DA:163,0
DA:165,0
DA:166,0
DA:168,0
DA:172,0
DA:173,0
DA:182,0
DA:183,0
DA:186,0
DA:187,0
DA:188,0
DA:189,0
DA:190,0
DA:191,0
DA:201,0
DA:202,0
DA:203,0
DA:205,0
DA:214,0
DA:222,0
DA:223,0
DA:224,0
DA:234,0
DA:236,0
DA:237,0
DA:238,0
DA:250,0
DA:251,0
DA:252,0
DA:255,0
DA:256,0
DA:259,0
DA:267,0
DA:277,0
DA:278,0
DA:279,0
DA:281,0
DA:282,0
DA:284,0
DA:285,0
DA:296,0
DA:297,0
DA:299,0
DA:300,0
DA:301,0
DA:304,0
DA:307,0
DA:314,0
DA:315,0
DA:316,0
DA:318,0
DA:319,0
DA:328,0
DA:329,0
DA:330,0
DA:333,0
DA:334,0
DA:335,0
DA:336,0
DA:337,0
DA:338,0
DA:340,0
DA:341,0
DA:349,0
DA:351,0
DA:352,0
DA:353,0
DA:354,0
DA:355,0
DA:357,0
DA:367,0
DA:368,0
DA:369,0
DA:377,0
DA:379,0
DA:380,0
DA:381,0
DA:383,0
DA:388,0
DA:389,0
DA:390,0
DA:394,0
DA:395,0
DA:403,0
DA:405,0
DA:406,0
DA:407,0
DA:410,0
DA:411,0
DA:413,0
DA:414,0
DA:415,0
DA:418,0
DA:419,0
DA:427,0
DA:428,0
DA:430,0
DA:431,0
DA:434,0
DA:435,0
DA:436,0
DA:438,0
DA:439,0
DA:448,0
DA:463,0
DA:471,0
DA:480,0
DA:481,0
DA:484,0
DA:489,0
DA:490,0
DA:495,0
DA:496,0
DA:502,0
DA:503,0
DA:504,0
DA:505,0
DA:507,0
DA:508,0
DA:516,0
DA:517,0
DA:518,0
DA:522,0
DA:523,0
DA:527,0
DA:534,0
DA:538,0
DA:539,0
DA:543,0
DA:545,0
DA:546,0
DA:548,0
DA:549,0
DA:559,0
DA:560,0
DA:562,0
DA:563,0
DA:565,0
DA:566,0
DA:568,0
DA:569,0
DA:571,0
DA:572,0
DA:578,0
DA:579,0
DA:592,0
DA:594,0
DA:595,0
DA:599,0
DA:602,0
DA:603,0
DA:605,0
DA:606,0
DA:610,0
DA:613,0
DA:614,0
DA:615,0
DA:618,0
DA:619,0
DA:621,0
DA:625,0
DA:633,0
DA:635,0
DA:636,0
DA:650,0
DA:652,0
DA:653,0
DA:657,0
DA:660,0
DA:661,0
DA:662,0
DA:664,0
DA:666,0
DA:674,0
DA:683,0
DA:685,0
DA:686,0
DA:688,0
DA:689,0
DA:690,0
DA:691,0
DA:692,0
DA:698,0
DA:699,0
DA:700,0
DA:701,0
DA:706,0
DA:716,0
DA:718,0
DA:719,0
DA:720,0
DA:721,0
DA:722,0
DA:724,0
DA:735,0
DA:742,0
LF:266
LH:0
BRDA:24,0,0,0
BRDA:25,1,0,0
BRDA:25,1,1,0
BRDA:26,2,0,0
BRDA:26,2,1,0
BRDA:27,3,0,0
BRDA:27,3,1,0
BRDA:28,4,0,0
BRDA:28,4,1,0
BRDA:57,5,0,0
BRDA:57,5,1,0
BRDA:57,6,0,0
BRDA:57,6,1,0
BRDA:114,7,0,0
BRDA:114,7,1,0
BRDA:186,8,0,0
BRDA:186,8,1,0
BRDA:188,9,0,0
BRDA:188,9,1,0
BRDA:190,10,0,0
BRDA:190,10,1,0
BRDA:202,11,0,0
BRDA:202,11,1,0
BRDA:222,12,0,0
BRDA:222,12,1,0
BRDA:222,13,0,0
BRDA:222,13,1,0
BRDA:234,14,0,0
BRDA:234,14,1,0
BRDA:237,15,0,0
BRDA:237,15,1,0
BRDA:237,16,0,0
BRDA:237,16,1,0
BRDA:249,17,0,0
BRDA:250,18,0,0
BRDA:250,18,1,0
BRDA:278,19,0,0
BRDA:278,19,1,0
BRDA:295,20,0,0
BRDA:299,21,0,0
BRDA:299,21,1,0
BRDA:328,22,0,0
BRDA:328,22,1,0
BRDA:352,23,0,0
BRDA:352,23,1,0
BRDA:367,24,0,0
BRDA:367,24,1,0
BRDA:379,25,0,0
BRDA:379,25,1,0
BRDA:405,26,0,0
BRDA:405,26,1,0
BRDA:413,27,0,0
BRDA:413,27,1,0
BRDA:430,28,0,0
BRDA:430,28,1,0
BRDA:430,29,0,0
BRDA:430,29,1,0
BRDA:560,30,0,0
BRDA:560,30,1,0
BRDA:560,30,2,0
BRDA:560,30,3,0
BRDA:594,31,0,0
BRDA:594,31,1,0
BRDA:603,32,0,0
BRDA:605,33,0,0
BRDA:605,33,1,0
BRDA:618,34,0,0
BRDA:618,34,1,0
BRDA:652,35,0,0
BRDA:652,35,1,0
BRDA:661,36,0,0
BRDA:685,37,0,0
BRDA:685,37,1,0
BRDA:689,38,0,0
BRDA:689,38,1,0
BRDA:691,39,0,0
BRDA:691,39,1,0
BRDA:691,40,0,0
BRDA:691,40,1,0
BRDA:691,40,2,0
BRDA:698,41,0,0
BRDA:698,41,1,0
BRDA:698,42,0,0
BRDA:698,42,1,0
BRDA:716,43,0,0
BRDA:716,43,1,0
BRDA:719,44,0,0
BRDA:719,44,1,0
BRDA:719,45,0,0
BRDA:719,45,1,0
BRDA:719,45,2,0
BRF:91
BRH:0
end_of_record
